Arguments: 
  /usr/local/Cellar/node/12.3.1/bin/node /usr/local/bin/yarn start

PATH: 
  /usr/local/opt/php@7.2/sbin:/usr/local/opt/php@7.2/bin:/usr/local/opt/php@7.2/sbin:/usr/local/opt/php@7.2/bin:/usr/local/opt/php@7.2/sbin:/usr/local/opt/php@7.2/bin:/usr/local/bin:/usr/bin:/bin:/usr/sbin:/sbin:/Users/josh/caldera-dev/calderawp/node_modules/.bin

Yarn version: 
  1.16.0

Node version: 
  12.3.1

Platform: 
  darwin x64

Trace: 
  Invariant Violation: Script must exist
      at invariant (/usr/local/lib/node_modules/yarn/lib/cli.js:2314:15)
      at /usr/local/lib/node_modules/yarn/lib/cli.js:61623:11
      at Generator.next (<anonymous>)
      at step (/usr/local/lib/node_modules/yarn/lib/cli.js:304:30)
      at /usr/local/lib/node_modules/yarn/lib/cli.js:322:14
      at new Promise (<anonymous>)
      at new F (/usr/local/lib/node_modules/yarn/lib/cli.js:5228:28)
      at /usr/local/lib/node_modules/yarn/lib/cli.js:301:12
      at runCommand (/usr/local/lib/node_modules/yarn/lib/cli.js:61695:23)
      at Object.<anonymous> (/usr/local/lib/node_modules/yarn/lib/cli.js:61794:14)

npm manifest: 
  {
    "name": "@calderawp/calderawp",
    "scripts": {
      "install:php": "bash install.sh",
      "start": ""
    }
  }

yarn manifest: 
  No manifest

Lockfile: 
  # THIS IS AN AUTOGENERATED FILE. DO NOT EDIT THIS FILE DIRECTLY.
  # yarn lockfile v1
